2016-03-03 15:50:47  [ main:0 ] - [ INFO ]  BINARY-FRAMEWORK: 由DubboMain为启动入口, 正在启动......
2016-03-03 15:50:48  [ main:89 ] - [ INFO ]  Refreshing org.springframework.context.support.FileSystemXmlApplicationContext@14eda77: startup date [Thu Mar 03 15:50:48 CST 2016]; root of context hierarchy
2016-03-03 15:50:48  [ main:147 ] - [ INFO ]  Loading XML bean definitions from class path resource [spring-context.xml]
2016-03-03 15:50:48  [ main:289 ] - [ INFO ]  Loading XML bean definitions from class path resource [spring-ds.xml]
2016-03-03 15:50:48  [ main:303 ] - [ INFO ]  Loading XML bean definitions from class path resource [spring/spring-paas-dep-provider.xml]
2016-03-03 15:50:48  [ main:365 ] - [ INFO ]  Loading XML bean definitions from class path resource [spring/spring-paas-dep-impl.xml]
2016-03-03 15:50:48  [ main:402 ] - [ INFO ]  JSR-250 'javax.annotation.ManagedBean' found and supported for component scanning
2016-03-03 15:50:48  [ main:573 ] - [ INFO ]  Loading XML bean definitions from class path resource [spring/spring-paas-dep-db.xml]
2016-03-03 15:50:48  [ main:596 ] - [ INFO ]  JSR-250 'javax.annotation.ManagedBean' found and supported for component scanning
2016-03-03 15:50:48  [ main:597 ] - [ INFO ]  Loading XML bean definitions from class path resource [spring/spring-paas-dep-db-definition.xml]
2016-03-03 15:50:48  [ main:632 ] - [ INFO ]  using logger: com.alibaba.dubbo.common.logger.log4j.Log4jLoggerAdapter
2016-03-03 15:50:48  [ main:882 ] - [ INFO ]  Loading properties file from class path resource [project.properties]
2016-03-03 15:50:48  [ main:926 ] - [ INFO ]  Pre-instantiating singletons in org.springframework.beans.factory.support.DefaultListableBeanFactory@1427f588: defining beans [org.springframework.beans.factory.config.PropertyPlaceholderConfigurer#0,com.binary.framework.util.FrameworkProperties#0,com.binary.jdbc.JdbcOperatorFactory#0,org.springframework.context.annotation.internalConfigurationAnnotationProcessor,org.springframework.context.annotation.internalAutowiredAnnotationProcessor,org.springframework.context.annotation.internalRequiredAnnotationProcessor,org.springframework.context.annotation.internalCommonAnnotationProcessor,com.aic.paas.provider.ps.db.impl.PcAppResApplyDaoDefinition#0,com.aic.paas.provider.ps.db.impl.PcAppResDaoDefinition#0,com.aic.paas.provider.ps.db.impl.PcAppResFlowDaoDefinition#0,com.aic.paas.provider.ps.db.impl.PcCompRoomDaoDefinition#0,com.aic.paas.provider.ps.db.impl.PcComputerDaoDefinition#0,com.aic.paas.provider.ps.db.impl.PcDataCenterDaoDefinition#0,com.aic.paas.provider.ps.db.impl.PcNetZoneDaoDefinition#0,com.aic.paas.provider.ps.db.impl.PcResCenterDaoDefinition#0,com.aic.paas.provider.ps.db.impl.PsMntResApplyDaoDefinition#0,com.aic.paas.provider.ps.db.impl.PsMntResDaoDefinition#0,com.aic.paas.provider.ps.db.impl.PsMntResFlowDaoDefinition#0,com.aic.paas.provider.ps.db.impl.PsResFlowDaoDefinition#0,com.aic.paas.provider.ps.db.impl.PsResCenterResDaoDefinition#0,com.aic.paas.provider.ps.db.impl.PcComputerTagDaoDefinition#0,com.aic.paas.provider.ps.db.impl.PcImageRepositoryDaoDefinition#0,com.aic.paas.provider.ps.db.impl.PcAppDaoDefinition#0,com.aic.paas.provider.ps.db.impl.PcAppImageDaoDefinition#0,com.aic.paas.provider.ps.db.impl.PcAppImgSvcDaoDefinition#0,com.aic.paas.provider.ps.db.impl.PcAppTaskDaoDefinition#0,com.aic.paas.provider.ps.db.impl.PcAppTaskLogDaoDefinition#0,com.aic.paas.provider.ps.db.impl.PcKvPairDaoDefinition#0,com.aic.paas.provider.ps.db.impl.PcServiceDaoDefinition#0,com.aic.paas.provider.ps.db.impl.PcSvcApplyDaoDefinition#0,com.aic.paas.provider.ps.db.impl.PcAppMgrDaoDefinition#0,com.aic.paas.provider.ps.db.impl.PcAppDepHistoryDaoDefinition#0,com.aic.paas.provider.ps.db.impl.PcAppDepKvHistoryDaoDefinition#0,com.aic.paas.provider.ps.db.impl.PcAppDepSvcHistoryDaoDefinition#0,com.aic.paas.provider.ps.db.impl.PcAppDepInstanceDaoDefinition#0,com.aic.paas.provider.ps.db.impl.PcAppVersionDaoDefinition#0,dataSource_paas_dep,sqlMapClientTemplate_paas_dep,dao.paas.dep.parent,com.aic.paas.provider.ps.db.impl.PcAppResApplyDaoImpl#0,com.aic.paas.provider.ps.db.impl.PcAppResDaoImpl#0,com.aic.paas.provider.ps.db.impl.PcAppResFlowDaoImpl#0,com.aic.paas.provider.ps.db.impl.PcCompRoomDaoImpl#0,com.aic.paas.provider.ps.db.impl.PcComputerDaoImpl#0,com.aic.paas.provider.ps.db.impl.PcDataCenterDaoImpl#0,com.aic.paas.provider.ps.db.impl.PcNetZoneDaoImpl#0,com.aic.paas.provider.ps.db.impl.PcResCenterDaoImpl#0,com.aic.paas.provider.ps.db.impl.PsMntResApplyDaoImpl#0,com.aic.paas.provider.ps.db.impl.PsMntResDaoImpl#0,com.aic.paas.provider.ps.db.impl.PsMntResFlowDaoImpl#0,com.aic.paas.provider.ps.db.impl.PsResFlowDaoImpl#0,com.aic.paas.provider.ps.db.impl.PsResCenterResDaoImpl#0,com.aic.paas.provider.ps.db.impl.PcComputerTagDaoImpl#0,com.aic.paas.provider.ps.db.impl.PcImageRepositoryDaoImpl#0,com.aic.paas.provider.ps.db.impl.PcAppDaoImpl#0,com.aic.paas.provider.ps.db.impl.PcAppImageDaoImpl#0,com.aic.paas.provider.ps.db.impl.PcAppImgSvcDaoImpl#0,com.aic.paas.provider.ps.db.impl.PcAppTaskDaoImpl#0,com.aic.paas.provider.ps.db.impl.PcAppTaskLogDaoImpl#0,com.aic.paas.provider.ps.db.impl.PcKvPairDaoImpl#0,com.aic.paas.provider.ps.db.impl.PcServiceDaoImpl#0,com.aic.paas.provider.ps.db.impl.PcSvcApplyDaoImpl#0,com.aic.paas.provider.ps.db.impl.PcAppMgrDaoImpl#0,com.aic.paas.provider.ps.db.impl.PcAppDepHistoryDaoImpl#0,com.aic.paas.provider.ps.db.impl.PcAppDepKvHistoryDaoImpl#0,com.aic.paas.provider.ps.db.impl.PcAppDepSvcHistoryDaoImpl#0,com.aic.paas.provider.ps.db.impl.PcAppDepInstanceDaoImpl#0,com.aic.paas.provider.ps.db.impl.PcAppVersionDaoImpl#0,PcCompRoomSvc,PcComputerSvc,PcDataCenterSvc,PcResCenterSvc,PcNetZoneSvc,PsResCenterResSvc,PsMntResSvc,PsMntResApplySvc,PcAppResSvc,PcAppResApplySvc,PcImageRepositorySvc,PcServiceSvc,PcAppSvc,PcAppImageSvc,${dubbo-rest.appname},com.alibaba.dubbo.config.RegistryConfig,${dubbo-rest.protocol},com.alibaba.dubbo.config.ProviderConfig,SpringDubboRestServerHandler,com.binary.framework.dubbo.rest.DubboRestServerHandler,com.binary.framework.Application#0,org.springframework.context.annotation.ConfigurationClassPostProcessor.importAwareProcessor]; root of factory hierarchy
2016-03-03 15:50:49  [ main:1717 ] - [ INFO ]  Destroying singletons in org.springframework.beans.factory.support.DefaultListableBeanFactory@1427f588: defining beans [org.springframework.beans.factory.config.PropertyPlaceholderConfigurer#0,com.binary.framework.util.FrameworkProperties#0,com.binary.jdbc.JdbcOperatorFactory#0,org.springframework.context.annotation.internalConfigurationAnnotationProcessor,org.springframework.context.annotation.internalAutowiredAnnotationProcessor,org.springframework.context.annotation.internalRequiredAnnotationProcessor,org.springframework.context.annotation.internalCommonAnnotationProcessor,com.aic.paas.provider.ps.db.impl.PcAppResApplyDaoDefinition#0,com.aic.paas.provider.ps.db.impl.PcAppResDaoDefinition#0,com.aic.paas.provider.ps.db.impl.PcAppResFlowDaoDefinition#0,com.aic.paas.provider.ps.db.impl.PcCompRoomDaoDefinition#0,com.aic.paas.provider.ps.db.impl.PcComputerDaoDefinition#0,com.aic.paas.provider.ps.db.impl.PcDataCenterDaoDefinition#0,com.aic.paas.provider.ps.db.impl.PcNetZoneDaoDefinition#0,com.aic.paas.provider.ps.db.impl.PcResCenterDaoDefinition#0,com.aic.paas.provider.ps.db.impl.PsMntResApplyDaoDefinition#0,com.aic.paas.provider.ps.db.impl.PsMntResDaoDefinition#0,com.aic.paas.provider.ps.db.impl.PsMntResFlowDaoDefinition#0,com.aic.paas.provider.ps.db.impl.PsResFlowDaoDefinition#0,com.aic.paas.provider.ps.db.impl.PsResCenterResDaoDefinition#0,com.aic.paas.provider.ps.db.impl.PcComputerTagDaoDefinition#0,com.aic.paas.provider.ps.db.impl.PcImageRepositoryDaoDefinition#0,com.aic.paas.provider.ps.db.impl.PcAppDaoDefinition#0,com.aic.paas.provider.ps.db.impl.PcAppImageDaoDefinition#0,com.aic.paas.provider.ps.db.impl.PcAppImgSvcDaoDefinition#0,com.aic.paas.provider.ps.db.impl.PcAppTaskDaoDefinition#0,com.aic.paas.provider.ps.db.impl.PcAppTaskLogDaoDefinition#0,com.aic.paas.provider.ps.db.impl.PcKvPairDaoDefinition#0,com.aic.paas.provider.ps.db.impl.PcServiceDaoDefinition#0,com.aic.paas.provider.ps.db.impl.PcSvcApplyDaoDefinition#0,com.aic.paas.provider.ps.db.impl.PcAppMgrDaoDefinition#0,com.aic.paas.provider.ps.db.impl.PcAppDepHistoryDaoDefinition#0,com.aic.paas.provider.ps.db.impl.PcAppDepKvHistoryDaoDefinition#0,com.aic.paas.provider.ps.db.impl.PcAppDepSvcHistoryDaoDefinition#0,com.aic.paas.provider.ps.db.impl.PcAppDepInstanceDaoDefinition#0,com.aic.paas.provider.ps.db.impl.PcAppVersionDaoDefinition#0,dataSource_paas_dep,sqlMapClientTemplate_paas_dep,dao.paas.dep.parent,com.aic.paas.provider.ps.db.impl.PcAppResApplyDaoImpl#0,com.aic.paas.provider.ps.db.impl.PcAppResDaoImpl#0,com.aic.paas.provider.ps.db.impl.PcAppResFlowDaoImpl#0,com.aic.paas.provider.ps.db.impl.PcCompRoomDaoImpl#0,com.aic.paas.provider.ps.db.impl.PcComputerDaoImpl#0,com.aic.paas.provider.ps.db.impl.PcDataCenterDaoImpl#0,com.aic.paas.provider.ps.db.impl.PcNetZoneDaoImpl#0,com.aic.paas.provider.ps.db.impl.PcResCenterDaoImpl#0,com.aic.paas.provider.ps.db.impl.PsMntResApplyDaoImpl#0,com.aic.paas.provider.ps.db.impl.PsMntResDaoImpl#0,com.aic.paas.provider.ps.db.impl.PsMntResFlowDaoImpl#0,com.aic.paas.provider.ps.db.impl.PsResFlowDaoImpl#0,com.aic.paas.provider.ps.db.impl.PsResCenterResDaoImpl#0,com.aic.paas.provider.ps.db.impl.PcComputerTagDaoImpl#0,com.aic.paas.provider.ps.db.impl.PcImageRepositoryDaoImpl#0,com.aic.paas.provider.ps.db.impl.PcAppDaoImpl#0,com.aic.paas.provider.ps.db.impl.PcAppImageDaoImpl#0,com.aic.paas.provider.ps.db.impl.PcAppImgSvcDaoImpl#0,com.aic.paas.provider.ps.db.impl.PcAppTaskDaoImpl#0,com.aic.paas.provider.ps.db.impl.PcAppTaskLogDaoImpl#0,com.aic.paas.provider.ps.db.impl.PcKvPairDaoImpl#0,com.aic.paas.provider.ps.db.impl.PcServiceDaoImpl#0,com.aic.paas.provider.ps.db.impl.PcSvcApplyDaoImpl#0,com.aic.paas.provider.ps.db.impl.PcAppMgrDaoImpl#0,com.aic.paas.provider.ps.db.impl.PcAppDepHistoryDaoImpl#0,com.aic.paas.provider.ps.db.impl.PcAppDepKvHistoryDaoImpl#0,com.aic.paas.provider.ps.db.impl.PcAppDepSvcHistoryDaoImpl#0,com.aic.paas.provider.ps.db.impl.PcAppDepInstanceDaoImpl#0,com.aic.paas.provider.ps.db.impl.PcAppVersionDaoImpl#0,PcCompRoomSvc,PcComputerSvc,PcDataCenterSvc,PcResCenterSvc,PcNetZoneSvc,PsResCenterResSvc,PsMntResSvc,PsMntResApplySvc,PcAppResSvc,PcAppResApplySvc,PcImageRepositorySvc,PcServiceSvc,PcAppSvc,PcAppImageSvc,${dubbo-rest.appname},com.alibaba.dubbo.config.RegistryConfig,${dubbo-rest.protocol},com.alibaba.dubbo.config.ProviderConfig,SpringDubboRestServerHandler,com.binary.framework.dubbo.rest.DubboRestServerHandler,com.binary.framework.Application#0,org.springframework.context.annotation.ConfigurationClassPostProcessor.importAwareProcessor]; root of factory hierarchy
2016-03-03 15:50:49  [ main:1717 ] - [ ERROR ]  BINARY-FRAMEWORK: 启动DubboMain出现错误!
org.springframework.beans.factory.BeanCreationException: Error creating bean with name 'sqlMapClientTemplate_paas_dep' defined in class path resource [spring/spring-paas-dep-db.xml]: Cannot create inner bean 'com.binary.framework.ibatis.IBatisSqlMapClientFactory#6cb4f39c' of type [com.binary.framework.ibatis.IBatisSqlMapClientFactory] while setting bean property 'sqlMapClient'; nested exception is org.springframework.beans.factory.BeanCreationException: Error creating bean with name 'com.binary.framework.ibatis.IBatisSqlMapClientFactory#6cb4f39c' defined in class path resource [spring/spring-paas-dep-db.xml]: Invocation of init method failed; nested exception is org.springframework.core.NestedIOException: Failed to parse config resource: class path resource [sql/sql-map-paas-dep-config.xml]; nested exception is com.ibatis.common.xml.NodeletException: Error parsing XML.  Cause: java.lang.RuntimeException: Error parsing XPath '/sqlMapConfig/sqlMap'.  Cause: com.ibatis.common.xml.NodeletException: Error parsing XML.  Cause: java.lang.RuntimeException: Error parsing XPath '/sqlMap/resultMap'.  Cause: java.lang.RuntimeException: Error configuring Result.  Could not set ResultClass.  Cause: java.lang.ClassNotFoundException: com.aic.paas.comm.model.dep.PcAppImage
	at org.springframework.beans.factory.support.BeanDefinitionValueResolver.resolveInnerBean(BeanDefinitionValueResolver.java:282)
	at org.springframework.beans.factory.support.BeanDefinitionValueResolver.resolveValueIfNecessary(BeanDefinitionValueResolver.java:121)
	at org.springframework.beans.factory.support.AbstractAutowireCapableBeanFactory.applyPropertyValues(AbstractAutowireCapableBeanFactory.java:1360)
	at org.springframework.beans.factory.support.AbstractAutowireCapableBeanFactory.populateBean(AbstractAutowireCapableBeanFactory.java:1118)
	at org.springframework.beans.factory.support.AbstractAutowireCapableBeanFactory.doCreateBean(AbstractAutowireCapableBeanFactory.java:517)
	at org.springframework.beans.factory.support.AbstractAutowireCapableBeanFactory.createBean(AbstractAutowireCapableBeanFactory.java:456)
	at org.springframework.beans.factory.support.AbstractBeanFactory$1.getObject(AbstractBeanFactory.java:294)
	at org.springframework.beans.factory.support.DefaultSingletonBeanRegistry.getSingleton(DefaultSingletonBeanRegistry.java:225)
	at org.springframework.beans.factory.support.AbstractBeanFactory.doGetBean(AbstractBeanFactory.java:291)
	at org.springframework.beans.factory.support.AbstractBeanFactory.getBean(AbstractBeanFactory.java:193)
	at org.springframework.beans.factory.support.DefaultListableBeanFactory.preInstantiateSingletons(DefaultListableBeanFactory.java:605)
	at org.springframework.context.support.AbstractApplicationContext.finishBeanFactoryInitialization(AbstractApplicationContext.java:925)
	at org.springframework.context.support.AbstractApplicationContext.refresh(AbstractApplicationContext.java:472)
	at org.springframework.context.support.FileSystemXmlApplicationContext.<init>(FileSystemXmlApplicationContext.java:140)
	at org.springframework.context.support.FileSystemXmlApplicationContext.<init>(FileSystemXmlApplicationContext.java:84)
	at com.binary.framework.dubbo.DubboMain.main(DubboMain.java:25)
	at com.aic.paas.provider.ps.test.TestDepDubboMain.main(TestDepDubboMain.java:10)
Caused by: org.springframework.beans.factory.BeanCreationException: Error creating bean with name 'com.binary.framework.ibatis.IBatisSqlMapClientFactory#6cb4f39c' defined in class path resource [spring/spring-paas-dep-db.xml]: Invocation of init method failed; nested exception is org.springframework.core.NestedIOException: Failed to parse config resource: class path resource [sql/sql-map-paas-dep-config.xml]; nested exception is com.ibatis.common.xml.NodeletException: Error parsing XML.  Cause: java.lang.RuntimeException: Error parsing XPath '/sqlMapConfig/sqlMap'.  Cause: com.ibatis.common.xml.NodeletException: Error parsing XML.  Cause: java.lang.RuntimeException: Error parsing XPath '/sqlMap/resultMap'.  Cause: java.lang.RuntimeException: Error configuring Result.  Could not set ResultClass.  Cause: java.lang.ClassNotFoundException: com.aic.paas.comm.model.dep.PcAppImage
	at org.springframework.beans.factory.support.AbstractAutowireCapableBeanFactory.initializeBean(AbstractAutowireCapableBeanFactory.java:1455)
	at org.springframework.beans.factory.support.AbstractAutowireCapableBeanFactory.doCreateBean(AbstractAutowireCapableBeanFactory.java:519)
	at org.springframework.beans.factory.support.AbstractAutowireCapableBeanFactory.createBean(AbstractAutowireCapableBeanFactory.java:456)
	at org.springframework.beans.factory.support.BeanDefinitionValueResolver.resolveInnerBean(BeanDefinitionValueResolver.java:271)
	... 16 more
Caused by: org.springframework.core.NestedIOException: Failed to parse config resource: class path resource [sql/sql-map-paas-dep-config.xml]; nested exception is com.ibatis.common.xml.NodeletException: Error parsing XML.  Cause: java.lang.RuntimeException: Error parsing XPath '/sqlMapConfig/sqlMap'.  Cause: com.ibatis.common.xml.NodeletException: Error parsing XML.  Cause: java.lang.RuntimeException: Error parsing XPath '/sqlMap/resultMap'.  Cause: java.lang.RuntimeException: Error configuring Result.  Could not set ResultClass.  Cause: java.lang.ClassNotFoundException: com.aic.paas.comm.model.dep.PcAppImage
	at com.binary.framework.ibatis.IBatisSqlMapClientFactory.buildSqlMapClient(IBatisSqlMapClientFactory.java:70)
	at com.binary.framework.ibatis.IBatisSqlMapClientFactory.afterPropertiesSet(IBatisSqlMapClientFactory.java:54)
	at org.springframework.beans.factory.support.AbstractAutowireCapableBeanFactory.invokeInitMethods(AbstractAutowireCapableBeanFactory.java:1514)
	at org.springframework.beans.factory.support.AbstractAutowireCapableBeanFactory.initializeBean(AbstractAutowireCapableBeanFactory.java:1452)
	... 19 more
Caused by: com.ibatis.common.xml.NodeletException: Error parsing XML.  Cause: java.lang.RuntimeException: Error parsing XPath '/sqlMapConfig/sqlMap'.  Cause: com.ibatis.common.xml.NodeletException: Error parsing XML.  Cause: java.lang.RuntimeException: Error parsing XPath '/sqlMap/resultMap'.  Cause: java.lang.RuntimeException: Error configuring Result.  Could not set ResultClass.  Cause: java.lang.ClassNotFoundException: com.aic.paas.comm.model.dep.PcAppImage
	at com.ibatis.common.xml.NodeletParser.parse(NodeletParser.java:62)
	at com.ibatis.sqlmap.engine.builder.xml.SqlMapConfigParser.parse(SqlMapConfigParser.java:62)
	at com.ibatis.sqlmap.engine.builder.xml.SqlMapConfigParser.parse(SqlMapConfigParser.java:55)
	at com.binary.framework.ibatis.IBatisSqlMapClientFactory.buildSqlMapClient(IBatisSqlMapClientFactory.java:67)
	... 22 more
Caused by: java.lang.RuntimeException: Error parsing XPath '/sqlMapConfig/sqlMap'.  Cause: com.ibatis.common.xml.NodeletException: Error parsing XML.  Cause: java.lang.RuntimeException: Error parsing XPath '/sqlMap/resultMap'.  Cause: java.lang.RuntimeException: Error configuring Result.  Could not set ResultClass.  Cause: java.lang.ClassNotFoundException: com.aic.paas.comm.model.dep.PcAppImage
	at com.ibatis.common.xml.NodeletParser.processNodelet(NodeletParser.java:123)
	at com.ibatis.common.xml.NodeletParser.process(NodeletParser.java:84)
	at com.ibatis.common.xml.NodeletParser.process(NodeletParser.java:102)
	at com.ibatis.common.xml.NodeletParser.parse(NodeletParser.java:72)
	at com.ibatis.common.xml.NodeletParser.parse(NodeletParser.java:60)
	... 25 more
Caused by: com.ibatis.common.xml.NodeletException: Error parsing XML.  Cause: java.lang.RuntimeException: Error parsing XPath '/sqlMap/resultMap'.  Cause: java.lang.RuntimeException: Error configuring Result.  Could not set ResultClass.  Cause: java.lang.ClassNotFoundException: com.aic.paas.comm.model.dep.PcAppImage
	at com.ibatis.common.xml.NodeletParser.parse(NodeletParser.java:62)
	at com.ibatis.sqlmap.engine.builder.xml.SqlMapParser.parse(SqlMapParser.java:44)
	at com.ibatis.sqlmap.engine.builder.xml.SqlMapConfigParser$10.process(SqlMapConfigParser.java:257)
	at com.ibatis.common.xml.NodeletParser.processNodelet(NodeletParser.java:121)
	... 29 more
Caused by: java.lang.RuntimeException: Error parsing XPath '/sqlMap/resultMap'.  Cause: java.lang.RuntimeException: Error configuring Result.  Could not set ResultClass.  Cause: java.lang.ClassNotFoundException: com.aic.paas.comm.model.dep.PcAppImage
	at com.ibatis.common.xml.NodeletParser.processNodelet(NodeletParser.java:123)
	at com.ibatis.common.xml.NodeletParser.process(NodeletParser.java:84)
	at com.ibatis.common.xml.NodeletParser.process(NodeletParser.java:102)
	at com.ibatis.common.xml.NodeletParser.parse(NodeletParser.java:72)
	at com.ibatis.common.xml.NodeletParser.parse(NodeletParser.java:60)
	... 32 more
Caused by: java.lang.RuntimeException: Error configuring Result.  Could not set ResultClass.  Cause: java.lang.ClassNotFoundException: com.aic.paas.comm.model.dep.PcAppImage
	at com.ibatis.sqlmap.engine.builder.xml.SqlMapParser$13.process(SqlMapParser.java:228)
	at com.ibatis.common.xml.NodeletParser.processNodelet(NodeletParser.java:121)
	... 36 more
Caused by: java.lang.ClassNotFoundException: com.aic.paas.comm.model.dep.PcAppImage
	at java.net.URLClassLoader$1.run(URLClassLoader.java:366)
	at java.net.URLClassLoader$1.run(URLClassLoader.java:355)
	at java.security.AccessController.doPrivileged(Native Method)
	at java.net.URLClassLoader.findClass(URLClassLoader.java:354)
	at java.lang.ClassLoader.loadClass(ClassLoader.java:425)
	at sun.misc.Launcher$AppClassLoader.loadClass(Launcher.java:308)
	at java.lang.ClassLoader.loadClass(ClassLoader.java:358)
	at java.lang.Class.forName0(Native Method)
	at java.lang.Class.forName(Class.java:191)
	at com.ibatis.common.resources.Resources.classForName(Resources.java:267)
	at com.ibatis.sqlmap.engine.builder.xml.SqlMapParser$13.process(SqlMapParser.java:226)
	... 37 more
